<?xml version="1.0" encoding="UTF-8"?>
<!-- Generated by org.testng.reporters.JUnitReportReporter -->
<testsuite hostname="DESKTOP-EMLR0Q3" failures="0" tests="1" name="testCases.TC003_productSearch" time="7.691" errors="0" timestamp="2025-02-20T00:24:34 IST" skipped="0">
  <testcase classname="testCases.TC003_productSearch" name="productSearch" time="7.691"/>
</testsuite> <!-- testCases.TC003_productSearch -->
