<?xml version="1.0" encoding="UTF-8"?>
<!-- Generated by org.testng.reporters.JUnitReportReporter -->
<testsuite hostname="DESKTOP-EMLR0Q3" failures="0" tests="2" name="testCases.TTC001_accountRegistrationTest" time="4.462" errors="0" timestamp="2025-02-11T23:59:37 IST" skipped="0">
  <testcase classname="testCases.TTC001_accountRegistrationTest" name="verify_account_registration" time="2.221"/>
  <testcase classname="testCases.TTC001_accountRegistrationTest" name="verify_account_registration" time="2.241"/>
</testsuite> <!-- testCases.TTC001_accountRegistrationTest -->
