<?xml version="1.0" encoding="UTF-8"?>
<!-- Generated by org.testng.reporters.JUnitReportReporter -->
<testsuite hostname="DESKTOP-EMLR0Q3" failures="0" tests="1" name="testCases.TTC001_accountRegistrationTest" time="2.039" errors="0" timestamp="2025-02-20T00:24:34 IST" skipped="0">
  <testcase classname="testCases.TTC001_accountRegistrationTest" name="verify_account_registration" time="2.039"/>
</testsuite> <!-- testCases.TTC001_accountRegistrationTest -->
