<?xml version="1.0" encoding="UTF-8"?>
<!-- Generated by org.testng.reporters.JUnitReportReporter -->
<testsuite hostname="DESKTOP-EMLR0Q3" failures="0" tests="2" name="testCases.TC002_loginTest" time="3.147" errors="0" timestamp="2025-02-11T23:59:37 IST" skipped="0">
  <testcase classname="testCases.TC002_loginTest" name="verify_login" time="1.571"/>
  <testcase classname="testCases.TC002_loginTest" name="verify_login" time="1.576"/>
</testsuite> <!-- testCases.TC002_loginTest -->
